<?xml version="1.0" encoding="UTF-8"?>
<!-- Generated by org.testng.reporters.JUnitReportReporter -->
<testsuite hostname="MRUTUNJAY" failures="0" tests="1" name="practice.DropdownHandelWithMouse" time="0.000" errors="0" timestamp="2022-12-29T16:37:15 IST" skipped="1">
  <testcase classname="practice.DropdownHandelWithMouse" name="actionClass" time="0.000">
    <skipped/>
  </testcase> <!-- actionClass -->
  <system-out/>
</testsuite> <!-- practice.DropdownHandelWithMouse -->
